2015-10-18 18:01:51,197 INFO [main] org.apache.hadoop.metrics2.impl.MetricsConfig: loaded properties from hadoop-metrics2.properties
2015-10-18 18:01:51,306 INFO [main] org.apache.hadoop.metrics2.impl.MetricsSystemImpl: Scheduled snapshot period at 10 second(s).
2015-10-18 18:01:51,306 INFO [main] org.apache.hadoop.metrics2.impl.MetricsSystemImpl: MRAppMaster metrics system started
2015-10-18 18:01:51,322 INFO [main] org.apache.hadoop.mapreduce.v2.app.job.impl.JobImpl: Adding job token for job_1445144423722_0020 to jobTokenSecretManager
2015-10-18 18:01:51,619 INFO [main] org.apache.hadoop.mapreduce.v2.app.job.impl.JobImpl: Not uberizing job_1445144423722_0020 because: not enabled; too many maps; too much input;
2015-10-18 18:01:51,650 INFO [main] org.apache.hadoop.mapreduce.v2.app.job.impl.JobImpl: Input size for job job_1445144423722_0020 = 1256521728. Number of splits = 10
2015-10-18 18:01:51,650 INFO [main] org.apache.hadoop.mapreduce.v2.app.job.impl.JobImpl: Number of reduces for job job_1445144423722_0020 = 1
2015-10-18 18:01:51,650 INFO [main] org.apache.hadoop.mapreduce.v2.app.job.impl.JobImpl: job_1445144423722_0020Job Transitioned from NEW to INITED
2015-10-18 18:01:51,650 INFO [main] org.apache.hadoop.mapreduce.v2.app.MRAppMaster: MRAppMaster launching normal, non-uberized, multi-container job job_1445144423722_0020.
2015-10-18 18:01:51,713 INFO [main] org.apache.hadoop.ipc.CallQueueManager: Using callQueue class java.util.concurrent.LinkedBlockingQueue
2015-10-18 18:01:51,775 INFO [Socket Reader #1 for port 62260] org.apache.hadoop.ipc.Server: Starting Socket Reader #1 for port 62260
2015-10-18 18:01:51,791 INFO [main] org.apache.hadoop.yarn.factories.impl.pb.RpcServerFactoryPBImpl: Adding protocol org.apache.hadoop.mapreduce.v2.api.MRClientProtocolPB to the server
2015-10-18 18:01:51,791 INFO [main] org.apache.hadoop.mapreduce.v2.app.client.MRClientService: Instantiated MRClientService at MININT-FNANLI5.fareast.corp.microsoft.com/10.86.169.121:62260
2015-10-18 18:01:51,806 INFO [IPC Server Responder] org.apache.hadoop.ipc.Server: IPC Server Responder: starting
2015-10-18 18:01:51,806 INFO [IPC Server listener on 62260] org.apache.hadoop.ipc.Server: IPC Server listener on 62260: starting
2015-10-18 18:01:51,885 INFO [main] org.mortbay.log: Logging to org.slf4j.impl.Log4jLoggerAdapter(org.mortbay.log) via org.mortbay.log.Slf4jLog
2015-10-18 18:01:51,900 WARN [main] org.apache.hadoop.http.HttpRequestLog: Http request log for http.requests.mapreduce is not defined
2015-10-18 18:01:51,916 INFO [main] org.apache.hadoop.http.HttpServer2: Added global filter 'safety' (class=org.apache.hadoop.http.HttpServer2$QuotingInputFilter)
2015-10-18 18:01:51,916 INFO [main] org.apache.hadoop.http.HttpServer2: Added filter AM_PROXY_FILTER (class=org.apache.hadoop.yarn.server.webproxy.amfilter.AmIpFilter) to context mapreduce
2015-10-18 18:01:51,916 INFO [main] org.apache.hadoop.http.HttpServer2: Added filter AM_PROXY_FILTER (class=org.apache.hadoop.yarn.server.webproxy.amfilter.AmIpFilter) to context static
2015-10-18 18:01:51,947 INFO [main] org.apache.hadoop.http.HttpServer2: adding path spec: /mapreduce/*
2015-10-18 18:01:51,947 INFO [main] org.apache.hadoop.http.HttpServer2: adding path spec: /ws/*
2015-10-18 18:01:51,963 INFO [main] org.apache.hadoop.http.HttpServer2: Jetty bound to port 62267
2015-10-18 18:01:51,963 INFO [main] org.mortbay.log: jetty-6.1.26
