2015-10-18 18:01:53,400 INFO [main] org.apache.hadoop.yarn.webapp.WebApps: Registered webapp guice modules
2015-10-18 18:01:53,400 INFO [main] org.apache.hadoop.ipc.CallQueueManager: Using callQueue class java.util.concurrent.LinkedBlockingQueue
2015-10-18 18:01:53,447 INFO [AsyncDispatcher event handler] org.apache.hadoop.mapreduce.v2.app.speculate.DefaultSpeculator: JOB_CREATE job_1445144423722_0020
2015-10-18 18:01:53,447 INFO [main] org.apache.hadoop.mapreduce.v2.app.rm.RMContainerRequestor: nodeBlacklistingEnabled:true
2015-10-18 18:01:53,447 INFO [main] org.apache.hadoop.mapreduce.v2.app.rm.RMContainerRequestor: maxTaskFailuresPerNode is 3
2015-10-18 18:01:53,447 INFO [main] org.apache.hadoop.mapreduce.v2.app.rm.RMContainerRequestor: blacklistDisablePercent is 33
2015-10-18 18:01:53,510 INFO [Socket Reader #1 for port 62270] org.apache.hadoop.ipc.Server: Starting Socket Reader #1 for port 62270
2015-10-18 18:01:53,510 INFO [IPC Server listener on 62270] org.apache.hadoop.ipc.Server: IPC Server listener on 62270: starting
2015-10-18 18:01:53,510 INFO [IPC Server Responder] org.apache.hadoop.ipc.Server: IPC Server Responder: starting
2015-10-18 18:01:53,557 INFO [main] org.apache.hadoop.yarn.client.RMProxy: Connecting to ResourceManager at msra-sa-41/10.190.173.170:8030
2015-10-18 18:01:53,713 INFO [main] org.apache.hadoop.mapreduce.v2.app.rm.RMContainerAllocator: maxContainerCapability: <memory:8192, vCores:32>
2015-10-18 18:01:53,713 INFO [main] org.apache.hadoop.mapreduce.v2.app.rm.RMContainerAllocator: queue: default
2015-10-18 18:01:53,713 INFO [main] org.apache.hadoop.mapreduce.v2.app.launcher.ContainerLauncherImpl: Upper limit on the thread pool size is 500
2015-10-18 18:01:53,713 INFO [main] org.apache.hadoop.yarn.client.api.impl.ContainerManagementProtocolProxy: yarn.client.max-cached-nodemanagers-proxies : 0
2015-10-18 18:01:53,744 INFO [AsyncDispatcher event handler] org.apache.hadoop.mapreduce.v2.app.job.impl.JobImpl: job_1445144423722_0020Job Transitioned from INITED to SETUP
2015-10-18 18:01:53,775 INFO [CommitterEvent Processor #0] org.apache.hadoop.mapreduce.v2.app.commit.CommitterEventHandler: Processing the event EventType: JOB_SETUP
2015-10-18 18:01:53,822 INFO [AsyncDispatcher event handler] org.apache.hadoop.mapreduce.v2.app.job.impl.JobImpl: job_1445144423722_0020Job Transitioned from SETUP to RUNNING
2015-10-18 18:01:53,838 INFO [AsyncDispatcher event handler] org.apache.hadoop.yarn.util.RackResolver: Resolved MSRA-SA-39.fareast.corp.microsoft.com to /default-rack
2015-10-18 18:01:53,869 INFO [AsyncDispatcher event handler] org.apache.hadoop.yarn.util.RackResolver: Resolved MSRA-SA-41.fareast.corp.microsoft.com to /default-rack
2015-10-18 18:01:53,869 INFO [AsyncDispatcher event handler] org.apache.hadoop.mapreduce.v2.app.job.impl.TaskImpl: task_1445144423722_0020_m_000000 Task Transitioned from NEW to SCHEDULED
2015-10-18 18:01:53,869 INFO [AsyncDispatcher event handler] org.apache.hadoop.yarn.util.RackResolver: Resolved MSRA-SA-39.fareast.corp.microsoft.com to /default-rack
2015-10-18 18:01:53,869 INFO [AsyncDispatcher event handler] org.apache.hadoop.yarn.util.RackResolver: Resolved MSRA-SA-41.fareast.corp.microsoft.com to /default-rack
2015-10-18 18:01:53,869 INFO [AsyncDispatcher event handler] org.apache.hadoop.mapreduce.v2.app.job.impl.TaskImpl: task_1445144423722_0020_m_000001 Task Transitioned from NEW to SCHEDULED
2015-10-18 18:01:53,869 INFO [AsyncDispatcher event handler] org.apache.hadoop.yarn.util.RackResolver: Resolved MSRA-SA-39.fareast.corp.microsoft.com to /default-rack
2015-10-18 18:01:53,869 INFO [AsyncDispatcher event handler] org.apache.hadoop.yarn.util.RackResolver: Resolved MSRA-SA-41.fareast.corp.microsoft.com to /default-rack
2015-10-18 18:01:53,869 INFO [AsyncDispatcher event handler] org.apache.hadoop.mapreduce.v2.app.job.impl.TaskImpl: task_1445144423722_0020_m_000002 Task Transitioned from NEW to SCHEDULED
2015-10-18 18:01:53,869 INFO [AsyncDispatcher event handler] org.apache.hadoop.yarn.util.RackResolver: Resolved MSRA-SA-39.fareast.corp.microsoft.com to /default-rack
2015-10-18 18:01:53,869 INFO [AsyncDispatcher event handler] org.apache.hadoop.yarn.util.RackResolver: Resolved MSRA-SA-41.fareast.corp.microsoft.com to /default-rack
2015-10-18 18:01:53,869 INFO [AsyncDispatcher event handler] org.apache.hadoop.mapreduce.v2.app.job.impl.TaskImpl: task_1445144423722_0020_m_000003 Task Transitioned from NEW to SCHEDULED
2015-10-18 18:01:53,869 INFO [AsyncDispatcher event handler] org.apache.hadoop.yarn.util.RackResolver: Resolved MSRA-SA-39.fareast.corp.microsoft.com to /default-rack
2015-10-18 18:01:53,869 INFO [AsyncDispatcher event handler] org.apache.hadoop.yarn.util.RackResolver: Resolved MSRA-SA-41.fareast.corp.microsoft.com to /default-rack
2015-10-18 18:01:53,869 INFO [AsyncDispatcher event handler] org.apache.hadoop.mapreduce.v2.app.job.impl.TaskImpl: task_1445144423722_0020_m_000004 Task Transitioned from NEW to SCHEDULED
2015-10-18 18:01:53,869 INFO [AsyncDispatcher event handler] org.apache.hadoop.yarn.util.RackResolver: Resolved MSRA-SA-39.fareast.corp.microsoft.com to /default-rack
2015-10-18 18:01:53,869 INFO [AsyncDispatcher event handler] org.apache.hadoop.yarn.util.RackResolver: Resolved MSRA-SA-41.fareast.corp.microsoft.com to /default-rack
2015-10-18 18:01:53,869 INFO [AsyncDispatcher event handler] org.apache.hadoop.mapreduce.v2.app.job.impl.TaskImpl: task_1445144423722_0020_m_000005 Task Transitioned from NEW to SCHEDULED
2015-10-18 18:01:53,885 INFO [AsyncDispatcher event handler] org.apache.hadoop.yarn.util.RackResolver: Resolved MSRA-SA-39.fareast.corp.microsoft.com to /default-rack
2015-10-18 18:01:53,885 INFO [AsyncDispatcher event handler] org.apache.hadoop.yarn.util.RackResolver: Resolved MSRA-SA-41.fareast.corp.microsoft.com to /default-rack
2015-10-18 18:01:53,885 INFO [AsyncDispatcher event handler] org.apache.hadoop.mapreduce.v2.app.job.impl.TaskImpl: task_1445144423722_0020_m_000006 Task Transitioned from NEW to SCHEDULED
2015-10-18 18:01:53,885 INFO [AsyncDispatcher event handler] org.apache.hadoop.yarn.util.RackResolver: Resolved MSRA-SA-39.fareast.corp.microsoft.com to /default-rack
2015-10-18 18:01:53,885 INFO [AsyncDispatcher event handler] org.apache.hadoop.yarn.util.RackResolver: Resolved MSRA-SA-41.fareast.corp.microsoft.com to /default-rack
2015-10-18 18:01:53,885 INFO [AsyncDispatcher event handler] org.apache.hadoop.mapreduce.v2.app.job.impl.TaskImpl: task_1445144423722_0020_m_000007 Task Transitioned from NEW to SCHEDULED
2015-10-18 18:01:53,885 INFO [AsyncDispatcher event handler] org.apache.hadoop.yarn.util.RackResolver: Resolved MSRA-SA-39.fareast.corp.microsoft.com to /default-rack
2015-10-18 18:01:53,885 INFO [AsyncDispatcher event handler] org.apache.hadoop.yarn.util.RackResolver: Resolved MSRA-SA-41.fareast.corp.microsoft.com to /default-rack
2015-10-18 18:01:53,885 INFO [AsyncDispatcher event handler] org.apache.hadoop.mapreduce.v2.app.job.impl.TaskImpl: task_1445144423722_0020_m_000008 Task Transitioned from NEW to SCHEDULED
2015-10-18 18:01:53,885 INFO [AsyncDispatcher event handler] org.apache.hadoop.yarn.util.RackResolver: Resolved MSRA-SA-39.fareast.corp.microsoft.com to /default-rack
2015-10-18 18:01:53,885 INFO [AsyncDispatcher event handler] org.apache.hadoop.yarn.util.RackResolver: Resolved MSRA-SA-41.fareast.corp.microsoft.com to /default-rack
2015-10-18 18:01:53,885 INFO [AsyncDispatcher event handler] org.apache.hadoop.mapreduce.v2.app.job.impl.TaskImpl: task_1445144423722_0020_m_000009 Task Transitioned from NEW to SCHEDULED
2015-10-18 18:01:53,885 INFO [AsyncDispatcher event handler] org.apache.hadoop.mapreduce.v2.app.job.impl.TaskImpl: task_1445144423722_0020_r_000000 Task Transitioned from NEW to SCHEDULED
2015-10-18 18:01:53,885 INFO [AsyncDispatcher event handler] org.apache.hadoop.mapreduce.v2.app.job.impl.TaskAttemptImpl: attempt_1445144423722_0020_m_000000_0 TaskAttempt Transitioned from NEW to UNASSIGNED
2015-10-18 18:01:53,885 INFO [AsyncDispatcher event handler] org.apache.hadoop.mapreduce.v2.app.job.impl.TaskAttemptImpl: attempt_1445144423722_0020_m_000001_0 TaskAttempt Transitioned from NEW to UNASSIGNED
2015-10-18 18:01:53,885 INFO [AsyncDispatcher event handler] org.apache.hadoop.mapreduce.v2.app.job.impl.TaskAttemptImpl: attempt_1445144423722_0020_m_000002_0 TaskAttempt Transitioned from NEW to UNASSIGNED
2015-10-18 18:01:53,885 INFO [AsyncDispatcher event handler] org.apache.hadoop.mapreduce.v2.app.job.impl.TaskAttemptImpl: attempt_1445144423722_0020_m_000003_0 TaskAttempt Transitioned from NEW to UNASSIGNED
2015-10-18 18:01:53,885 INFO [AsyncDispatcher event handler] org.apache.hadoop.mapreduce.v2.app.job.impl.TaskAttemptImpl: attempt_1445144423722_0020_m_000004_0 TaskAttempt Transitioned from NEW to UNASSIGNED
2015-10-18 18:01:53,885 INFO [AsyncDispatcher event handler] org.apache.hadoop.mapreduce.v2.app.job.impl.TaskAttemptImpl: attempt_1445144423722_0020_m_000005_0 TaskAttempt Transitioned from NEW to UNASSIGNED
2015-10-18 18:01:53,885 INFO [AsyncDispatcher event handler] org.apache.hadoop.mapreduce.v2.app.job.impl.TaskAttemptImpl: attempt_1445144423722_0020_m_000006_0 TaskAttempt Transitioned from NEW to UNASSIGNED
2015-10-18 18:01:53,885 INFO [AsyncDispatcher event handler] org.apache.hadoop.mapreduce.v2.app.job.impl.TaskAttemptImpl: attempt_1445144423722_0020_m_000007_0 TaskAttempt Transitioned from NEW to UNASSIGNED
2015-10-18 18:01:53,885 INFO [AsyncDispatcher event handler] org.apache.hadoop.mapreduce.v2.app.job.impl.TaskAttemptImpl: attempt_1445144423722_0020_m_000008_0 TaskAttempt Transitioned from NEW to UNASSIGNED
2015-10-18 18:01:53,885 INFO [AsyncDispatcher event handler] org.apache.hadoop.mapreduce.v2.app.job.impl.TaskAttemptImpl: attempt_1445144423722_0020_m_000009_0 TaskAttempt Transitioned from NEW to UNASSIGNED
2015-10-18 18:01:53,885 INFO [AsyncDispatcher event handler] org.apache.hadoop.mapreduce.v2.app.job.impl.TaskAttemptImpl: attempt_1445144423722_0020_r_000000_0 TaskAttempt Transitioned from NEW to UNASSIGNED
2015-10-18 18:01:53,885 INFO [Thread-50] org.apache.hadoop.mapreduce.v2.app.rm.RMContainerAllocator: mapResourceRequest:<memory:1024, vCores:1>
2015-10-18 18:01:53,900 INFO [eventHandlingThread] org.apache.hadoop.mapreduce.jobhistory.JobHistoryEventHandler: Event Writer setup for JobId: job_1445144423722_0020, File: hdfs://msra-sa-41:9000/tmp/hadoop-yarn/staging/msrabi/.staging/job_1445144423722_0020/job_1445144423722_0020_1.jhist
2015-10-18 18:01:53,900 INFO [Thread-50] org.apache.hadoop.mapreduce.v2.app.rm.RMContainerAllocator: reduceResourceRequest:<memory:1024, vCores:1>
