2015-10-18 18:03:55,408 INFO [RMCommunicator Allocator] org.apache.hadoop.mapreduce.v2.app.rm.RMContainerAllocator: Got allocated containers 2
2015-10-18 18:03:55,408 INFO [RMCommunicator Allocator] org.apache.hadoop.mapreduce.v2.app.rm.RMContainerAllocator: Assigned container container_1445144423722_0020_01_000006 to attempt_1445144423722_0020_m_000004_0
2015-10-18 18:03:55,408 INFO [RMCommunicator Allocator] org.apache.hadoop.mapreduce.v2.app.rm.RMContainerAllocator: Assigned container container_1445144423722_0020_01_000007 to attempt_1445144423722_0020_m_000005_0
2015-10-18 18:03:55,408 INFO [RMCommunicator Allocator] org.apache.hadoop.mapreduce.v2.app.rm.RMContainerAllocator: Recalculating schedule, headroom=<memory:0, vCores:-27>
2015-10-18 18:03:55,408 INFO [RMCommunicator Allocator] org.apache.hadoop.mapreduce.v2.app.rm.RMContainerAllocator: Reduce slow start threshold not met. completedMapsForReduceSlowstart 1
2015-10-18 18:03:55,408 INFO [RMCommunicator Allocator] org.apache.hadoop.mapreduce.v2.app.rm.RMContainerAllocator: After Scheduling: PendingReds:1 ScheduledMaps:4 ScheduledReds:0 AssignedMaps:6 AssignedReds:0 CompletedMaps:0 CompletedReds:0 ContAlloc:6 ContRel:0 HostLocal:3 RackLocal:3
2015-10-18 18:03:55,408 INFO [AsyncDispatcher event handler] org.apache.hadoop.yarn.util.RackResolver: Resolved MSRA-SA-41.fareast.corp.microsoft.com to /default-rack
2015-10-18 18:03:55,408 INFO [AsyncDispatcher event handler] org.apache.hadoop.mapreduce.v2.app.job.impl.TaskAttemptImpl: attempt_1445144423722_0020_m_000004_0 TaskAttempt Transitioned from UNASSIGNED to ASSIGNED
2015-10-18 18:03:55,423 INFO [AsyncDispatcher event handler] org.apache.hadoop.yarn.util.RackResolver: Resolved MSRA-SA-41.fareast.corp.microsoft.com to /default-rack
2015-10-18 18:03:55,423 INFO [AsyncDispatcher event handler] org.apache.hadoop.mapreduce.v2.app.job.impl.TaskAttemptImpl: attempt_1445144423722_0020_m_000005_0 TaskAttempt Transitioned from UNASSIGNED to ASSIGNED
2015-10-18 18:03:55,517 INFO [ContainerLauncher #4] org.apache.hadoop.mapreduce.v2.app.launcher.ContainerLauncherImpl: Processing the event EventType: CONTAINER_REMOTE_LAUNCH for container container_1445144423722_0020_01_000006 taskAttempt attempt_1445144423722_0020_m_000004_0
2015-10-18 18:03:55,517 INFO [ContainerLauncher #4] org.apache.hadoop.mapreduce.v2.app.launcher.ContainerLauncherImpl: Launching attempt_1445144423722_0020_m_000004_0
2015-10-18 18:03:55,517 INFO [ContainerLauncher #4] org.apache.hadoop.yarn.client.api.impl.ContainerManagementProtocolProxy: Opening proxy : MSRA-SA-41.fareast.corp.microsoft.com:7109
2015-10-18 18:03:55,595 INFO [ContainerLauncher #5] org.apache.hadoop.mapreduce.v2.app.launcher.ContainerLauncherImpl: Processing the event EventType: CONTAINER_REMOTE_LAUNCH for container container_1445144423722_0020_01_000007 taskAttempt attempt_1445144423722_0020_m_000005_0
2015-10-18 18:03:55,595 INFO [ContainerLauncher #5] org.apache.hadoop.mapreduce.v2.app.launcher.ContainerLauncherImpl: Launching attempt_1445144423722_0020_m_000005_0
2015-10-18 18:03:55,595 INFO [ContainerLauncher #5] org.apache.hadoop.yarn.client.api.impl.ContainerManagementProtocolProxy: Opening proxy : MSRA-SA-41.fareast.corp.microsoft.com:7109
2015-10-18 18:03:55,923 INFO [ContainerLauncher #4] org.apache.hadoop.mapreduce.v2.app.launcher.ContainerLauncherImpl: Shuffle port returned by ContainerManager for attempt_1445144423722_0020_m_000004_0 : 13562
2015-10-18 18:03:55,939 INFO [AsyncDispatcher event handler] org.apache.hadoop.mapreduce.v2.app.job.impl.TaskAttemptImpl: TaskAttempt: [attempt_1445144423722_0020_m_000004_0] using containerId: [container_1445144423722_0020_01_000006 on NM: [MSRA-SA-41.fareast.corp.microsoft.com:7109]
2015-10-18 18:03:55,939 INFO [AsyncDispatcher event handler] org.apache.hadoop.mapreduce.v2.app.job.impl.TaskAttemptImpl: attempt_1445144423722_0020_m_000004_0 TaskAttempt Transitioned from ASSIGNED to RUNNING
2015-10-18 18:03:55,939 INFO [AsyncDispatcher event handler] org.apache.hadoop.mapreduce.v2.app.speculate.DefaultSpeculator: ATTEMPT_START task_1445144423722_0020_m_000004
2015-10-18 18:03:55,939 INFO [AsyncDispatcher event handler] org.apache.hadoop.mapreduce.v2.app.job.impl.TaskImpl: task_1445144423722_0020_m_000004 Task Transitioned from SCHEDULED to RUNNING
2015-10-18 18:03:55,939 INFO [ContainerLauncher #5] org.apache.hadoop.mapreduce.v2.app.launcher.ContainerLauncherImpl: Shuffle port returned by ContainerManager for attempt_1445144423722_0020_m_000005_0 : 13562
2015-10-18 18:03:55,939 INFO [IPC Server handler 14 on 62270] org.apache.hadoop.mapred.TaskAttemptListenerImpl: Progress of TaskAttempt attempt_1445144423722_0020_m_000003_0 is : 0.5343203
2015-10-18 18:03:55,939 INFO [AsyncDispatcher event handler] org.apache.hadoop.mapreduce.v2.app.job.impl.TaskAttemptImpl: TaskAttempt: [attempt_1445144423722_0020_m_000005_0] using containerId: [container_1445144423722_0020_01_000007 on NM: [MSRA-SA-41.fareast.corp.microsoft.com:7109]
2015-10-18 18:03:55,939 INFO [AsyncDispatcher event handler] org.apache.hadoop.mapreduce.v2.app.job.impl.TaskAttemptImpl: attempt_1445144423722_0020_m_000005_0 TaskAttempt Transitioned from ASSIGNED to RUNNING
2015-10-18 18:03:55,939 INFO [AsyncDispatcher event handler] org.apache.hadoop.mapreduce.v2.app.speculate.DefaultSpeculator: ATTEMPT_START task_1445144423722_0020_m_000005
2015-10-18 18:03:55,939 INFO [AsyncDispatcher event handler] org.apache.hadoop.mapreduce.v2.app.job.impl.TaskImpl: task_1445144423722_0020_m_000005 Task Transitioned from SCHEDULED to RUNNING
